# plan.log

## 2026-01-04

- [docs] Main vs with-drug branch comparison captured
  - [2026-01-04-main-vs-with-drug-comparison.md](./comparisons/2026-01-04-main-vs-with-drug-comparison.md)

## 2026-01-07

- [docs] Main vs LBF refactor comparison captured
  - [2026-01-07-main-vs-lbf-comparison.md](./comparisons/2026-01-07-main-vs-lbf-comparison.md)

## 2026-03-24

- [docs] Private refactor roadmap maintained
  - [heva_refactor_plan.md](./heva_refactor_plan.md)

- [major] Phase 0 and Phase 1 progress recorded
  - [2026-03-24-phase-0-1-portable-build-and-config-boundary.md](./sessions/2026-03-24-phase-0-1-portable-build-and-config-boundary.md)

- [major] Phase 2 progress recorded
  - [2026-03-24-phase-2-thin-driver-and-smoke-run.md](./sessions/2026-03-24-phase-2-thin-driver-and-smoke-run.md)

- [major] Phase 3 progress recorded
  - [2026-03-24-phase-3-output-contract-and-cli-flags.md](./sessions/2026-03-24-phase-3-output-contract-and-cli-flags.md)

- [major] Phase 4 progress recorded
  - [2026-03-24-phase-4-config-file-mode.md](./sessions/2026-03-24-phase-4-config-file-mode.md)

- [test] Testing phase T1 progress recorded
  - [2026-03-24-testing-phase-t1.md](./sessions/2026-03-24-testing-phase-t1.md)

- [feature] Seed-init consolidation recorded
  - [2026-03-24-seed-init-consolidation.md](./sessions/2026-03-24-seed-init-consolidation.md)

## 2026-03-25

- [docs] Private docs structure normalized around the plan router
  - [2026-03-25-plan-log-bootstrap.md](./sessions/2026-03-25-plan-log-bootstrap.md)

- [bugfix] Refactor review findings captured for follow-up
  - [2026-03-25-refactor-review-findings.md](./sessions/2026-03-25-refactor-review-findings.md)

- [bugfix] 07:49 Fix plan and implementation start for index-capacity and deterministic seeds
  - [2026-03-25-0749-fix-plan-and-implementation-start.md](./sessions/2026-03-25-0749-fix-plan-and-implementation-start.md)

- [feature] 08:00 Seed initialization API consolidated into a dedicated module
  - [2026-03-25-0800-seed-api-consolidation.md](./sessions/2026-03-25-0800-seed-api-consolidation.md)

- [docs] 08:02 Phased next-steps backlog created from roadmap and session notes
  - [2026-03-25-0802-phased-next-steps-backlog.md](./sessions/2026-03-25-0802-phased-next-steps-backlog.md)

- [bugfix] 08:22 Phase A stabilized index-capacity handling behind clear run modes
  - [2026-03-25-0822-phase-a-run-mode-and-capacity-policy.md](./sessions/2026-03-25-0822-phase-a-run-mode-and-capacity-policy.md)

- [test] 08:30 Phase B added an open-shell fixture and explicit max-sweeps coverage
  - [2026-03-25-0830-phase-b-open-shell-max-sweeps.md](./sessions/2026-03-25-0830-phase-b-open-shell-max-sweeps.md)

- [feature] 08:45 Phase C removed `chdir(output_dir)` from the normal output path contract
  - [2026-03-25-0845-phase-c-output-path-contract.md](./sessions/2026-03-25-0845-phase-c-output-path-contract.md)

- [feature] 08:55 Phase D localized RNG ownership inside the main driver
  - [2026-03-25-0855-phase-d-local-rng-ownership.md](./sessions/2026-03-25-0855-phase-d-local-rng-ownership.md)

- [feature] 09:05 Phase E cleaned up geometry-owned nested heap allocations
  - [2026-03-25-0905-phase-e-geometry-memory-cleanup.md](./sessions/2026-03-25-0905-phase-e-geometry-memory-cleanup.md)

- [bugfix] 10:07 Deterministic pentamer and hexamer seed initialization restored and tested
  - [2026-03-25-1007-deterministic-pentamer-hexamer-seeds.md](./sessions/2026-03-25-1007-deterministic-pentamer-hexamer-seeds.md)
